[2015-01-17 10:28:38] production.ERROR: exception 'Symfony\Component\HttpKernel\Exception\NotFoundHttpException' in C:\xampp\htdocs\laravel-projects\laravel-main\bootstrap\compiled.php:5738
Stack trace:
#0 C:\xampp\htdocs\laravel-projects\laravel-main\bootstrap\compiled.php(5060): Illuminate\Routing\RouteCollection->match(Object(Illuminate\Http\Request))
#1 C:\xampp\htdocs\laravel-projects\laravel-main\bootstrap\compiled.php(5048): Illuminate\Routing\Router->findRoute(Object(Illuminate\Http\Request))
#2 C:\xampp\htdocs\laravel-projects\laravel-main\bootstrap\compiled.php(5040): Illuminate\Routing\Router->dispatchToRoute(Object(Illuminate\Http\Request))
#3 C:\xampp\htdocs\laravel-projects\laravel-main\bootstrap\compiled.php(715): Illuminate\Routing\Router->dispatch(Object(Illuminate\Http\Request))
#4 C:\xampp\htdocs\laravel-projects\laravel-main\bootstrap\compiled.php(696): Illuminate\Foundation\Application->dispatch(Object(Illuminate\Http\Request))
#5 C:\xampp\htdocs\laravel-projects\laravel-main\bootstrap\compiled.php(7812): Illuminate\Foundation\Application->handle(Object(Illuminate\Http\Request), 1, true)
#6 C:\xampp\htdocs\laravel-projects\laravel-main\bootstrap\compiled.php(8419): Illuminate\Session\Middleware->handle(Object(Illuminate\Http\Request), 1, true)
#7 C:\xampp\htdocs\laravel-projects\laravel-main\bootstrap\compiled.php(8366): Illuminate\Cookie\Queue->handle(Object(Illuminate\Http\Request), 1, true)
#8 C:\xampp\htdocs\laravel-projects\laravel-main\bootstrap\compiled.php(11029): Illuminate\Cookie\Guard->handle(Object(Illuminate\Http\Request), 1, true)
#9 C:\xampp\htdocs\laravel-projects\laravel-main\bootstrap\compiled.php(657): Stack\StackedHttpKernel->handle(Object(Illuminate\Http\Request))
#10 C:\xampp\htdocs\laravel-projects\laravel-main\public\index.php(49): Illuminate\Foundation\Application->run()
#11 {main} [] []
[2015-01-17 10:34:26] production.ERROR: exception 'RuntimeException' with message 'Too many arguments.' in C:\xampp\htdocs\laravel-projects\laravel-main\vendor\symfony\console\Symfony\Component\Console\Input\ArgvInput.php:181
Stack trace:
#0 C:\xampp\htdocs\laravel-projects\laravel-main\vendor\symfony\console\Symfony\Component\Console\Input\ArgvInput.php(90): Symfony\Component\Console\Input\ArgvInput->parseArgument('\x96\x96create=users')
#1 C:\xampp\htdocs\laravel-projects\laravel-main\vendor\symfony\console\Symfony\Component\Console\Input\Input.php(61): Symfony\Component\Console\Input\ArgvInput->parse()
#2 C:\xampp\htdocs\laravel-projects\laravel-main\vendor\symfony\console\Symfony\Component\Console\Command\Command.php(225): Symfony\Component\Console\Input\Input->bind(Object(Symfony\Component\Console\Input\InputDefinition))
#3 C:\xampp\htdocs\laravel-projects\laravel-main\vendor\laravel\framework\src\Illuminate\Console\Command.php(100): Symfony\Component\Console\Command\Command->run(Object(Symfony\Component\Console\Input\ArgvInput), Object(Symfony\Component\Console\Output\ConsoleOutput))
#4 C:\xampp\htdocs\laravel-projects\laravel-main\vendor\symfony\console\Symfony\Component\Console\Application.php(889): Illuminate\Console\Command->run(Object(Symfony\Component\Console\Input\ArgvInput), Object(Symfony\Component\Console\Output\ConsoleOutput))
#5 C:\xampp\htdocs\laravel-projects\laravel-main\vendor\symfony\console\Symfony\Component\Console\Application.php(193): Symfony\Component\Console\Application->doRunCommand(Object(Illuminate\Database\Console\Migrations\MigrateMakeCommand), Object(Symfony\Component\Console\Input\ArgvInput), Object(Symfony\Component\Console\Output\ConsoleOutput))
#6 C:\xampp\htdocs\laravel-projects\laravel-main\vendor\symfony\console\Symfony\Component\Console\Application.php(124): Symfony\Component\Console\Application->doRun(Object(Symfony\Component\Console\Input\ArgvInput), Object(Symfony\Component\Console\Output\ConsoleOutput))
#7 C:\xampp\htdocs\laravel-projects\laravel-main\artisan(59): Symfony\Component\Console\Application->run()
#8 {main} [] []
[2015-01-17 10:34:57] production.ERROR: exception 'RuntimeException' with message 'Too many arguments.' in C:\xampp\htdocs\laravel-projects\laravel-main\vendor\symfony\console\Symfony\Component\Console\Input\ArgvInput.php:181
Stack trace:
#0 C:\xampp\htdocs\laravel-projects\laravel-main\vendor\symfony\console\Symfony\Component\Console\Input\ArgvInput.php(90): Symfony\Component\Console\Input\ArgvInput->parseArgument('\x96\x96create=users')
#1 C:\xampp\htdocs\laravel-projects\laravel-main\vendor\symfony\console\Symfony\Component\Console\Input\Input.php(61): Symfony\Component\Console\Input\ArgvInput->parse()
#2 C:\xampp\htdocs\laravel-projects\laravel-main\vendor\symfony\console\Symfony\Component\Console\Command\Command.php(225): Symfony\Component\Console\Input\Input->bind(Object(Symfony\Component\Console\Input\InputDefinition))
#3 C:\xampp\htdocs\laravel-projects\laravel-main\vendor\laravel\framework\src\Illuminate\Console\Command.php(100): Symfony\Component\Console\Command\Command->run(Object(Symfony\Component\Console\Input\ArgvInput), Object(Symfony\Component\Console\Output\ConsoleOutput))
#4 C:\xampp\htdocs\laravel-projects\laravel-main\vendor\symfony\console\Symfony\Component\Console\Application.php(889): Illuminate\Console\Command->run(Object(Symfony\Component\Console\Input\ArgvInput), Object(Symfony\Component\Console\Output\ConsoleOutput))
#5 C:\xampp\htdocs\laravel-projects\laravel-main\vendor\symfony\console\Symfony\Component\Console\Application.php(193): Symfony\Component\Console\Application->doRunCommand(Object(Illuminate\Database\Console\Migrations\MigrateMakeCommand), Object(Symfony\Component\Console\Input\ArgvInput), Object(Symfony\Component\Console\Output\ConsoleOutput))
#6 C:\xampp\htdocs\laravel-projects\laravel-main\vendor\symfony\console\Symfony\Component\Console\Application.php(124): Symfony\Component\Console\Application->doRun(Object(Symfony\Component\Console\Input\ArgvInput), Object(Symfony\Component\Console\Output\ConsoleOutput))
#7 C:\xampp\htdocs\laravel-projects\laravel-main\artisan(59): Symfony\Component\Console\Application->run()
#8 {main} [] []
